TN:
SF:script/DeployEcommerce.s.sol
DA:14,0
FN:14,DeployEcommerce.run
FNDA:0,DeployEcommerce.run
DA:15,0
DA:16,0
DA:19,0
DA:21,0
BRDA:21,0,0,-
BRDA:21,0,1,-
DA:23,0
DA:26,0
DA:28,0
DA:29,0
DA:30,0
DA:32,0
DA:34,0
FNF:1
FNH:0
LF:12
LH:0
BRF:2
BRH:0
end_of_record
TN:
SF:src/Ecommerce.sol
DA:78,26
FN:78,Ecommerce.constructor
FNDA:26,Ecommerce.constructor
DA:79,26
BRDA:79,0,0,-
BRDA:79,0,1,26
DA:80,26
DA:91,28
FN:91,Ecommerce.registerCompany
FNDA:28,Ecommerce.registerCompany
DA:95,28
DA:96,25
DA:97,25
DA:105,1
FN:105,Ecommerce.getCompany
FNDA:1,Ecommerce.getCompany
DA:108,1
DA:116,2
FN:116,Ecommerce.getCompanyIdByAddress
FNDA:2,Ecommerce.getCompanyIdByAddress
DA:119,2
DA:127,0
FN:127,Ecommerce.setCompanyActive
FNDA:0,Ecommerce.setCompanyActive
DA:128,0
DA:135,2
FN:135,Ecommerce.getCompanyCount
FNDA:2,Ecommerce.getCompanyCount
DA:136,2
DA:151,24
FN:151,Ecommerce.addProduct
FNDA:24,Ecommerce.addProduct
DA:159,24
DA:160,24
BRDA:160,1,0,1
BRDA:160,1,1,23
DA:161,23
BRDA:161,2,0,-
BRDA:161,2,1,23
DA:166,23
DA:176,23
DA:177,23
DA:185,8
FN:185,Ecommerce.getProduct
FNDA:8,Ecommerce.getProduct
DA:188,8
DA:197,2
FN:197,Ecommerce.updateProduct
FNDA:2,Ecommerce.updateProduct
DA:202,2
DA:203,2
DA:205,2
BRDA:205,3,0,1
BRDA:205,3,1,1
DA:210,1
DA:211,1
DA:219,0
FN:219,Ecommerce.setProductActive
FNDA:0,Ecommerce.setProductActive
DA:220,0
DA:221,0
DA:223,0
BRDA:223,4,0,-
BRDA:223,4,1,-
DA:228,0
DA:236,0
FN:236,Ecommerce.getProductsByCompany
FNDA:0,Ecommerce.getProductsByCompany
DA:239,0
DA:246,1
FN:246,Ecommerce.getAllActiveProducts
FNDA:1,Ecommerce.getAllActiveProducts
DA:247,1
DA:254,2
FN:254,Ecommerce.getProductCount
FNDA:2,Ecommerce.getProductCount
DA:255,2
DA:265,18
FN:265,Ecommerce.addToCart
FNDA:18,Ecommerce.addToCart
DA:267,18
BRDA:267,5,0,1
BRDA:267,5,1,17
DA:273,17
DA:274,17
DA:275,4
DA:276,4
DA:277,4
BRDA:277,6,0,1
DA:278,1
DA:279,1
DA:280,1
DA:285,16
DA:286,16
DA:291,16
DA:293,16
DA:300,0
FN:300,Ecommerce.removeFromCart
FNDA:0,Ecommerce.removeFromCart
DA:301,0
DA:302,0
DA:303,0
DA:304,0
BRDA:304,7,0,-
DA:306,0
BRDA:306,8,0,-
BRDA:306,8,1,-
DA:307,0
DA:308,0
DA:309,0
DA:311,0
DA:314,0
DA:316,0
DA:326,0
FN:326,Ecommerce.updateCartItem
FNDA:0,Ecommerce.updateCartItem
DA:327,0
BRDA:327,9,0,-
DA:329,0
DA:330,0
DA:331,0
DA:332,0
BRDA:332,10,0,-
DA:334,0
BRDA:334,11,0,-
BRDA:334,11,1,-
DA:335,0
DA:336,0
DA:337,0
DA:339,0
DA:342,0
DA:344,0
DA:347,0
DA:350,0
BRDA:350,12,0,-
BRDA:350,12,1,-
DA:355,0
DA:356,0
DA:357,0
DA:358,0
BRDA:358,13,0,-
DA:359,0
DA:360,0
DA:365,0
DA:366,0
DA:371,0
DA:373,0
DA:380,3
FN:380,Ecommerce.getCart
FNDA:3,Ecommerce.getCart
DA:381,3
DA:382,3
DA:384,3
DA:385,2
DA:386,2
DA:389,3
DA:396,2
FN:396,Ecommerce.getCartTotal
FNDA:2,Ecommerce.getCartTotal
DA:397,2
DA:398,2
DA:400,2
DA:401,4
DA:402,4
DA:403,4
DA:404,4
DA:407,2
DA:413,1
FN:413,Ecommerce.clearCart
FNDA:1,Ecommerce.clearCart
DA:414,1
DA:415,1
DA:416,1
DA:417,1
DA:419,1
DA:430,10
FN:430,Ecommerce.createInvoice
FNDA:10,Ecommerce.createInvoice
DA:434,10
DA:435,10
DA:436,10
DA:437,11
DA:438,11
DA:441,10
DA:448,9
DA:449,9
DA:457,3
FN:457,Ecommerce.getInvoice
FNDA:3,Ecommerce.getInvoice
DA:460,3
DA:468,1
FN:468,Ecommerce.getInvoiceItems
FNDA:1,Ecommerce.getInvoiceItems
DA:471,1
DA:478,1
FN:478,Ecommerce.getMyInvoices
FNDA:1,Ecommerce.getMyInvoices
DA:479,1
DA:487,0
FN:487,Ecommerce.getCompanyInvoices
FNDA:0,Ecommerce.getCompanyInvoices
DA:490,0
DA:491,0
BRDA:491,14,0,-
BRDA:491,14,1,-
DA:496,0
DA:506,8
FN:506,Ecommerce.processPayment
FNDA:8,Ecommerce.processPayment
DA:507,8
DA:509,8
BRDA:509,15,0,-
BRDA:509,15,1,8
DA:510,8
BRDA:510,16,0,1
BRDA:510,16,1,7
DA:511,7
BRDA:511,17,0,-
BRDA:511,17,1,7
DA:514,7
DA:515,7
BRDA:515,18,0,-
BRDA:515,18,1,7
DA:518,7
DA:520,7
BRDA:520,19,0,1
BRDA:520,19,1,6
DA:525,6
BRDA:525,20,0,1
BRDA:525,20,1,5
DA:531,5
DA:537,5
BRDA:537,21,0,-
BRDA:537,21,1,5
DA:540,5
DA:541,5
DA:542,6
DA:549,5
DA:553,5
DA:555,5
DA:563,5
DA:570,0
FN:570,Ecommerce.getTokenAddress
FNDA:0,Ecommerce.getTokenAddress
DA:571,0
DA:579,0
FN:579,Ecommerce.canPayInvoice
FNDA:0,Ecommerce.canPayInvoice
DA:580,0
DA:581,0
DA:582,0
FNF:27
FNH:19
LF:158
LH:102
BRF:39
BRH:19
end_of_record
TN:
SF:src/libraries/CartLib.sol
DA:21,0
FN:21,CartLib._getCartItemKey
FNDA:0,CartLib._getCartItemKey
DA:22,0
DA:31,0
FN:31,CartLib._getStorage
FNDA:0,CartLib._getStorage
DA:32,0
DA:34,0
DA:44,0
FN:44,CartLib.addToCart
FNDA:0,CartLib.addToCart
DA:50,0
BRDA:50,0,0,-
BRDA:50,0,1,-
DA:51,0
BRDA:51,1,0,-
BRDA:51,1,1,-
DA:52,0
BRDA:52,2,0,-
BRDA:52,2,1,-
DA:55,0
DA:56,0
DA:57,0
DA:58,0
DA:59,0
BRDA:59,3,0,-
DA:61,0
DA:62,0
DA:67,0
DA:68,0
DA:73,0
DA:82,0
FN:82,CartLib.removeFromCart
FNDA:0,CartLib.removeFromCart
DA:87,0
BRDA:87,4,0,-
BRDA:87,4,1,-
DA:88,0
BRDA:88,5,0,-
BRDA:88,5,1,-
DA:90,0
DA:91,0
DA:92,0
DA:93,0
BRDA:93,6,0,-
DA:95,0
BRDA:95,7,0,-
BRDA:95,7,1,-
DA:96,0
DA:97,0
DA:98,0
DA:100,0
DA:103,0
DA:105,0
DA:116,0
FN:116,CartLib.updateCartItem
FNDA:0,CartLib.updateCartItem
DA:122,0
BRDA:122,8,0,-
BRDA:122,8,1,-
DA:123,0
BRDA:123,9,0,-
BRDA:123,9,1,-
DA:125,0
BRDA:125,10,0,-
DA:126,0
DA:127,0
DA:131,0
DA:132,0
DA:133,0
DA:134,0
BRDA:134,11,0,-
DA:135,0
DA:136,0
DA:141,0
DA:149,0
FN:149,CartLib.getCart
FNDA:0,CartLib.getCart
DA:153,0
DA:154,0
DA:156,0
DA:157,0
DA:158,0
DA:161,0
DA:168,0
FN:168,CartLib.clearCart
FNDA:0,CartLib.clearCart
DA:172,0
DA:173,0
DA:174,0
DA:175,0
DA:177,0
DA:186,0
FN:186,CartLib.calculateTotal
FNDA:0,CartLib.calculateTotal
DA:191,0
DA:192,0
DA:194,0
DA:195,0
DA:196,0
DA:197,0
DA:198,0
DA:201,0
DA:209,0
FN:209,CartLib.getCartItemCount
FNDA:0,CartLib.getCartItemCount
DA:213,0
FNF:9
FNH:0
LF:70
LH:0
BRF:20
BRH:0
end_of_record
TN:
SF:src/libraries/CompanyLib.sol
DA:24,0
FN:24,CompanyLib._getStorage
FNDA:0,CompanyLib._getStorage
DA:25,0
DA:27,0
DA:38,28
FN:38,CompanyLib.registerCompany
FNDA:28,CompanyLib.registerCompany
DA:44,28
BRDA:44,0,0,-
BRDA:44,0,1,28
DA:45,28
BRDA:45,1,0,1
BRDA:45,1,1,27
DA:46,27
BRDA:46,2,0,1
BRDA:46,2,1,26
DA:47,26
BRDA:47,3,0,1
BRDA:47,3,1,25
DA:52,25
DA:53,25
DA:55,25
DA:63,25
DA:65,25
DA:73,31
FN:73,CompanyLib.getCompany
FNDA:31,CompanyLib.getCompany
DA:77,31
BRDA:77,4,0,-
BRDA:77,4,1,31
DA:78,31
DA:86,28
FN:86,CompanyLib.getCompanyIdByAddress
FNDA:28,CompanyLib.getCompanyIdByAddress
DA:90,28
DA:98,0
FN:98,CompanyLib.setCompanyActive
FNDA:0,CompanyLib.setCompanyActive
DA:103,0
BRDA:103,5,0,-
BRDA:103,5,1,-
DA:104,0
DA:112,0
FN:112,CompanyLib.isCompany
FNDA:0,CompanyLib.isCompany
DA:116,0
DA:117,0
DA:118,0
DA:125,2
FN:125,CompanyLib.getCompanyCount
FNDA:2,CompanyLib.getCompanyCount
DA:126,2
FNF:7
FNH:4
LF:27
LH:17
BRF:12
BRH:8
end_of_record
TN:
SF:src/libraries/InvoiceLib.sol
DA:30,0
FN:30,InvoiceLib._getStorage
FNDA:0,InvoiceLib._getStorage
DA:31,0
DA:33,0
DA:46,10
FN:46,InvoiceLib.createInvoiceFromCart
FNDA:10,InvoiceLib.createInvoiceFromCart
DA:53,10
BRDA:53,0,0,-
BRDA:53,0,1,10
DA:54,10
BRDA:54,1,0,-
BRDA:54,1,1,10
DA:55,10
BRDA:55,2,0,1
BRDA:55,2,1,9
DA:58,9
DA:59,9
DA:60,9
DA:62,9
DA:63,11
DA:65,11
BRDA:65,3,0,10
DA:66,10
BRDA:66,4,0,-
BRDA:66,4,1,10
DA:71,10
DA:72,10
DA:73,10
DA:77,9
BRDA:77,5,0,-
BRDA:77,5,1,9
DA:78,9
BRDA:78,6,0,-
BRDA:78,6,1,9
DA:80,9
DA:81,9
DA:84,9
DA:96,9
DA:97,9
DA:98,11
DA:99,11
BRDA:99,7,0,10
DA:100,10
DA:101,10
DA:105,9
DA:107,9
DA:108,9
DA:110,9
DA:118,11
FN:118,InvoiceLib.getInvoice
FNDA:11,InvoiceLib.getInvoice
DA:122,11
BRDA:122,8,0,-
BRDA:122,8,1,11
DA:123,11
DA:131,6
FN:131,InvoiceLib.getInvoiceItems
FNDA:6,InvoiceLib.getInvoiceItems
DA:135,6
BRDA:135,9,0,-
BRDA:135,9,1,6
DA:136,6
DA:137,6
DA:139,6
DA:140,7
DA:143,6
DA:151,5
FN:151,InvoiceLib.markAsPaid
FNDA:5,InvoiceLib.markAsPaid
DA:156,5
BRDA:156,10,0,-
BRDA:156,10,1,5
DA:157,5
BRDA:157,11,0,-
BRDA:157,11,1,5
DA:158,5
BRDA:158,12,0,-
BRDA:158,12,1,5
DA:160,5
DA:161,5
DA:169,1
FN:169,InvoiceLib.getInvoicesByCustomer
FNDA:1,InvoiceLib.getInvoicesByCustomer
DA:173,1
DA:174,1
DA:176,1
DA:177,1
DA:180,1
DA:188,0
FN:188,InvoiceLib.getInvoicesByCompany
FNDA:0,InvoiceLib.getInvoicesByCompany
DA:192,0
DA:193,0
DA:195,0
DA:196,0
DA:199,0
DA:206,0
FN:206,InvoiceLib.getInvoiceCount
FNDA:0,InvoiceLib.getInvoiceCount
DA:207,0
FNF:8
FNH:5
LF:62
LH:51
BRF:24
BRH:14
end_of_record
TN:
SF:src/libraries/PaymentLib.sol
DA:26,0
FN:26,PaymentLib._getStorage
FNDA:0,PaymentLib._getStorage
DA:27,0
DA:29,0
DA:37,26
FN:37,PaymentLib.initialize
FNDA:26,PaymentLib.initialize
DA:41,26
BRDA:41,0,0,-
BRDA:41,0,1,26
DA:42,26
DA:53,0
FN:53,PaymentLib.processPayment
FNDA:0,PaymentLib.processPayment
DA:60,0
BRDA:60,1,0,-
BRDA:60,1,1,-
DA:62,0
DA:64,0
BRDA:64,2,0,-
BRDA:64,2,1,-
DA:65,0
BRDA:65,3,0,-
BRDA:65,3,1,-
DA:66,0
BRDA:66,4,0,-
BRDA:66,4,1,-
DA:69,0
DA:70,0
BRDA:70,5,0,-
BRDA:70,5,1,-
DA:73,0
DA:75,0
BRDA:75,6,0,-
BRDA:75,6,1,-
DA:80,0
BRDA:80,7,0,-
BRDA:80,7,1,-
DA:86,0
DA:92,0
BRDA:92,8,0,-
BRDA:92,8,1,-
DA:97,0
DA:104,7
FN:104,PaymentLib.getTokenAddress
FNDA:7,PaymentLib.getTokenAddress
DA:105,7
DA:114,0
FN:114,PaymentLib.hasSufficientBalance
FNDA:0,PaymentLib.hasSufficientBalance
DA:119,0
DA:120,0
DA:121,0
DA:130,0
FN:130,PaymentLib.hasSufficientAllowance
FNDA:0,PaymentLib.hasSufficientAllowance
DA:135,0
DA:136,0
DA:137,0
FNF:6
FNH:2
LF:30
LH:5
BRF:18
BRH:1
end_of_record
TN:
SF:src/libraries/ProductLib.sol
DA:25,0
FN:25,ProductLib._getStorage
FNDA:0,ProductLib._getStorage
DA:26,0
DA:28,0
DA:43,23
FN:43,ProductLib.addProduct
FNDA:23,ProductLib.addProduct
DA:53,23
BRDA:53,0,0,-
BRDA:53,0,1,23
DA:54,23
BRDA:54,1,0,-
BRDA:54,1,1,23
DA:55,23
BRDA:55,2,0,-
BRDA:55,2,1,23
DA:57,23
DA:58,23
DA:60,23
DA:73,23
DA:75,23
DA:83,36
FN:83,ProductLib.getProduct
FNDA:36,ProductLib.getProduct
DA:87,36
BRDA:87,3,0,-
BRDA:87,3,1,36
DA:88,36
DA:97,1
FN:97,ProductLib.updateProduct
FNDA:1,ProductLib.updateProduct
DA:103,1
BRDA:103,4,0,-
BRDA:103,4,1,1
DA:104,1
BRDA:104,5,0,-
BRDA:104,5,1,1
DA:106,1
DA:107,1
DA:115,6
FN:115,ProductLib.reduceStock
FNDA:6,ProductLib.reduceStock
DA:120,6
BRDA:120,6,0,-
BRDA:120,6,1,6
DA:121,6
BRDA:121,7,0,-
BRDA:121,7,1,6
DA:125,6
BRDA:125,8,0,-
BRDA:125,8,1,6
DA:127,6
DA:128,6
DA:136,0
FN:136,ProductLib.setProductActive
FNDA:0,ProductLib.setProductActive
DA:141,0
BRDA:141,9,0,-
BRDA:141,9,1,-
DA:142,0
DA:150,0
FN:150,ProductLib.getProductsByCompany
FNDA:0,ProductLib.getProductsByCompany
DA:154,0
DA:155,0
DA:157,0
DA:158,0
DA:161,0
DA:168,1
FN:168,ProductLib.getAllActiveProducts
FNDA:1,ProductLib.getAllActiveProducts
DA:171,1
DA:174,1
DA:175,2
BRDA:175,10,0,2
DA:176,2
DA:181,1
DA:182,1
DA:184,1
DA:185,2
BRDA:185,11,0,2
DA:186,2
DA:187,2
DA:191,1
DA:200,28
FN:200,ProductLib.hasStock
FNDA:28,ProductLib.hasStock
DA:205,28
DA:206,28
DA:207,28
DA:214,2
FN:214,ProductLib.getProductCount
FNDA:2,ProductLib.getProductCount
DA:215,2
FNF:10
FNH:7
LF:53
LH:41
BRF:22
BRH:11
end_of_record
TN:
SF:test/mocks/MockUSDToken.sol
DA:14,78
FN:14,MockUSDToken.mint
FNDA:78,MockUSDToken.mint
DA:15,78
DA:18,0
FN:18,MockUSDToken.decimals
FNDA:0,MockUSDToken.decimals
DA:19,0
DA:22,0
FN:22,MockUSDToken.burn
FNDA:0,MockUSDToken.burn
DA:23,0
FNF:3
FNH:1
LF:6
LH:2
BRF:0
BRH:0
end_of_record
